[1012/184414:ERROR:angle_platform_impl.cc(33)] ANGLE Display::initialize error 5: DXGI 1.2 required to present to HWNDs owned by another process.
[1012/184414:ERROR:gl_surface_egl.cc(594)] eglInitialize D3D11 failed with error EGL_NOT_INITIALIZED, trying next display type
[0328/122016:WARNING:backend_impl.cc(1807)] Destroying invalid entry.
[0328/122022:ERROR:ipc_channel_win.cc(217)] pipe error: 109
[0328/122113:WARNING:backend_impl.cc(1807)] Destroying invalid entry.
[0328/122118:ERROR:ipc_channel_win.cc(217)] pipe error: 109
[0328/122139:WARNING:backend_impl.cc(1807)] Destroying invalid entry.
[0328/122200:ERROR:ipc_channel_win.cc(217)] pipe error: 109
[0328/122319:ERROR:ipc_channel_win.cc(217)] pipe error: 109
[0328/123733:ERROR:webgraphicscontext3d_command_buffer_impl.cc(199)] CommandBufferProxy::Initialize failed.
[0328/123733:ERROR:webgraphicscontext3d_command_buffer_impl.cc(218)] Failed to initialize command buffer.
[0328/124449:INFO:CONSOLE(0)] "Unrecognized Content-Security-Policy directive 'require-sri-for'.
", source: https://securityheaders.io/ (0)
[0328/124449:INFO:CONSOLE(0)] "The Content Security Policy directive 'upgrade-insecure-requests' is ignored when delivered in a report-only policy.", source: https://securityheaders.io/ (0)
[0328/124452:ERROR:ipc_channel_win.cc(217)] pipe error: 109
[0328/124522:INFO:CONSOLE(0)] "Failed to execute 'write' on 'Document': It isn't possible to write into a document from an asynchronously-loaded external script unless it is explicitly opened.", source: https://googleads.g.doubleclick.net/pagead/ads?client=ca-pub-3857768109978969&format=970x250&output=html&h=250&slotname=2836339934&adk=1475818235&adf=193337325&w=970&lmt=1490685321&loeid=26835105&flash=0&url=http%3A%2F%2Frequest.urih.com%2F&wgl=1&dt=1490685321628&bpp=34&bdt=179&fdt=39&idt=111&shv=r20170320&cbv=r20170110&saldr=aa&correlator=7517660423894&frm=20&ga_vid=1371772552.1490685322&ga_sid=1490685322&ga_hid=1997737643&ga_fc=0&pv=2&iag=3&icsg=2&nhd=1&dssz=2&mdo=0&mso=0&u_tz=330&u_his=1&u_java=0&u_h=1920&u_w=1080&u_ah=1920&u_aw=1006&u_cd=24&u_nplug=2&u_nmime=2&adx=17&ady=103&biw=1004&bih=1813&eid=575144605&oid=3&ref=https%3A%2F%2Fwww.google.co.in%2F&rx=0&eae=0&fc=16&brdim=75%2C86%2C75%2C86%2C1006%2C0%2C1004%2C1813%2C1004%2C1813&vis=1&rsz=%7C%7CeoE%7C&abl=CS&ppjl=u&pfx=0&fu=16&bc=1&ifi=1&xpc=HHSMcRHV8w&p=http%3A//request.urih.com&dtd=149 (0)
[0328/124523:INFO:CONSOLE(1)] "BB-DC -- initiated", source: https://s0.2mdn.net/ads/richmedia/studio/pv2/47183407/20170105133859391/google_sonic-cars_300x250/bannerboy_dc.min.js (1)
[0328/124524:INFO:CONSOLE(1)] "BB-DC -- polite load", source: https://s0.2mdn.net/ads/richmedia/studio/pv2/47183407/20170105133859391/google_sonic-cars_300x250/bannerboy_dc.min.js (1)
[0328/124524:INFO:CONSOLE(1)] "BB-DC -- banner is visible", source: https://s0.2mdn.net/ads/richmedia/studio/pv2/47183407/20170105133859391/google_sonic-cars_300x250/bannerboy_dc.min.js (1)
[0328/124524:INFO:CONSOLE(137)] "[object HTMLDivElement]", source: https://s0.2mdn.net/ads/richmedia/studio/pv2/47183407/20170105133859391/google_sonic-cars_300x250/animation.js (137)
[0328/124557:INFO:CONSOLE(0)] "Failed to execute 'write' on 'Document': It isn't possible to write into a document from an asynchronously-loaded external script unless it is explicitly opened.", source: https://googleads.g.doubleclick.net/pagead/ads?client=ca-pub-3857768109978969&format=970x250&output=html&h=250&slotname=2836339934&adk=1475818235&adf=193337325&w=970&lmt=1490685356&flash=0&url=http%3A%2F%2Frequest.urih.com%2F&wgl=1&dt=1490685356688&bpp=32&bdt=259&fdt=77&idt=125&shv=r20170320&cbv=r20170110&saldr=aa&correlator=7619512995676&frm=20&ga_vid=315270585.1490685357&ga_sid=1490685357&ga_hid=2138582690&ga_fc=0&pv=2&iag=3&icsg=2&nhd=1&dssz=2&mdo=0&mso=0&u_tz=330&u_his=1&u_java=0&u_h=1920&u_w=1080&u_ah=1920&u_aw=1006&u_cd=24&u_nplug=2&u_nmime=2&adx=17&ady=103&biw=1004&bih=1813&eid=575144605&oid=3&ref=https%3A%2F%2Fwww.google.co.in%2F&rx=0&eae=0&fc=16&brdim=75%2C86%2C75%2C86%2C1006%2C0%2C1004%2C1813%2C1004%2C1813&vis=1&rsz=%7C%7CeoE%7C&abl=CS&ppjl=t&pfx=0&fu=16&bc=1&ifi=1&xpc=IKWsOhsE5W&p=http%3A//request.urih.com&dtd=166 (0)
[0328/124605:INFO:CONSOLE(0)] "Failed to execute 'write' on 'Document': It isn't possible to write into a document from an asynchronously-loaded external script unless it is explicitly opened.", source: https://googleads.g.doubleclick.net/pagead/ads?client=ca-pub-3857768109978969&format=970x250&output=html&h=250&slotname=2836339934&adk=1475818235&adf=193337325&w=970&lmt=1490685365&flash=0&url=http%3A%2F%2Frequest.urih.com%2F&wgl=1&dt=1490685364897&bpp=32&bdt=63&fdt=41&idt=140&shv=r20170320&cbv=r20170110&saldr=aa&correlator=5893635832733&frm=20&ga_vid=1085384014.1490685365&ga_sid=1490685365&ga_hid=1912761034&ga_fc=0&pv=2&iag=3&icsg=2&nhd=1&dssz=2&mdo=0&mso=0&u_tz=330&u_his=1&u_java=0&u_h=1920&u_w=1080&u_ah=1920&u_aw=1006&u_cd=24&u_nplug=2&u_nmime=2&adx=17&ady=103&biw=1004&bih=1813&eid=575144605%2C828064250&oid=3&ref=https%3A%2F%2Fwww.google.co.in%2F&rx=0&eae=0&fc=16&brdim=75%2C86%2C75%2C86%2C1006%2C0%2C1004%2C1813%2C1004%2C1813&vis=1&rsz=%7C%7CeoE%7C&abl=CS&ppjl=t&pfx=0&fu=16&bc=1&ifi=1&xpc=5b1Zi7rviW&p=http%3A//request.urih.com&dtd=212 (0)
[0328/124623:ERROR:ipc_channel_win.cc(482)] pipe error: 109
[0328/124658:INFO:CONSOLE(0)] "Failed to execute 'write' on 'Document': It isn't possible to write into a document from an asynchronously-loaded external script unless it is explicitly opened.", source: https://googleads.g.doubleclick.net/pagead/ads?client=ca-pub-3857768109978969&format=970x250&output=html&h=250&slotname=2836339934&adk=1475818235&adf=193337325&w=970&lmt=1490685418&loeid=389613000&flash=0&url=http%3A%2F%2Frequest.urih.com%2F&wgl=1&dt=1490685418093&bpp=31&bdt=86&fdt=38&idt=81&shv=r20170320&cbv=r20170110&saldr=aa&correlator=2295580802002&frm=20&ga_vid=1091680816.1490685418&ga_sid=1490685418&ga_hid=710277378&ga_fc=0&pv=2&iag=3&icsg=2&nhd=1&dssz=2&mdo=0&mso=0&u_tz=330&u_his=1&u_java=0&u_h=1920&u_w=1080&u_ah=1920&u_aw=1006&u_cd=24&u_nplug=2&u_nmime=2&adx=17&ady=103&biw=1004&bih=1813&eid=4089037%2C575144605&oid=3&ref=https%3A%2F%2Fwww.google.co.in%2F&rx=0&eae=0&fc=16&brdim=75%2C86%2C75%2C86%2C1006%2C0%2C1004%2C1813%2C1004%2C1813&vis=1&rsz=%7C%7CeoE%7C&abl=CS&ppjl=t&pfx=0&fu=16&bc=1&ifi=1&xpc=adHvfHnO2N&p=http%3A//request.urih.com&dtd=119 (0)
[0328/124731:INFO:CONSOLE(0)] "Failed to execute 'write' on 'Document': It isn't possible to write into a document from an asynchronously-loaded external script unless it is explicitly opened.", source: https://googleads.g.doubleclick.net/pagead/ads?client=ca-pub-3857768109978969&format=970x250&output=html&h=250&slotname=2836339934&adk=1475818235&adf=193337325&w=970&lmt=1490685450&loeid=26835106&flash=0&url=http%3A%2F%2Frequest.urih.com%2F&wgl=1&dt=1490685450505&bpp=21&bdt=379&fdt=27&idt=67&shv=r20170320&cbv=r20170110&saldr=aa&correlator=2538953685609&frm=20&ga_vid=79990598.1490685451&ga_sid=1490685451&ga_hid=497228513&ga_fc=0&pv=2&iag=3&icsg=2&nhd=1&dssz=2&mdo=0&mso=0&u_tz=330&u_his=1&u_java=0&u_h=1920&u_w=1080&u_ah=1920&u_aw=1006&u_cd=24&u_nplug=2&u_nmime=2&adx=17&ady=103&biw=1004&bih=1813&eid=575144605%2C20040041&oid=3&ref=https%3A%2F%2Fwww.google.co.in%2F&rx=0&eae=0&fc=16&brdim=75%2C86%2C75%2C86%2C1006%2C0%2C1004%2C1813%2C1004%2C1813&vis=1&rsz=%7C%7CeoE%7C&abl=CS&ppjl=t&pfx=0&fu=16&bc=1&ifi=1&xpc=Fa6aVQgJvW&p=http%3A//request.urih.com&dtd=106 (0)
[0328/124814:INFO:CONSOLE(0)] "Failed to execute 'write' on 'Document': It isn't possible to write into a document from an asynchronously-loaded external script unless it is explicitly opened.", source: https://googleads.g.doubleclick.net/pagead/ads?client=ca-pub-3857768109978969&format=970x250&output=html&h=250&slotname=2836339934&adk=1475818235&adf=193337325&w=970&lmt=1490685493&flash=0&url=http%3A%2F%2Frequest.urih.com%2F&wgl=1&dt=1490685493622&bpp=32&bdt=95&fdt=44&idt=113&shv=r20170320&cbv=r20170110&saldr=aa&correlator=8174823808537&frm=20&ga_vid=1494649478.1490685494&ga_sid=1490685494&ga_hid=111005926&ga_fc=0&pv=2&iag=3&icsg=2&nhd=1&dssz=2&mdo=0&mso=0&u_tz=330&u_his=1&u_java=0&u_h=1920&u_w=1080&u_ah=1920&u_aw=1006&u_cd=24&u_nplug=2&u_nmime=2&adx=17&ady=103&biw=1004&bih=1813&eid=575144605&oid=3&ref=https%3A%2F%2Fwww.google.co.in%2F&rx=0&eae=0&fc=16&brdim=75%2C86%2C75%2C86%2C1006%2C0%2C1004%2C1813%2C1004%2C1813&vis=1&rsz=%7C%7CeoE%7C&abl=CS&ppjl=t&pfx=0&fu=16&bc=1&ifi=1&xpc=d0RmTdtanE&p=http%3A//request.urih.com&dtd=151 (0)
[0328/124814:INFO:CONSOLE(1)] "BB-DC -- initiated", source: https://s0.2mdn.net/ads/richmedia/studio/pv2/47185306/20170105133851130/google_sonic-bar-chart_300x250/bannerboy_dc.min.js (1)
[0328/124815:INFO:CONSOLE(1)] "BB-DC -- polite load", source: https://s0.2mdn.net/ads/richmedia/studio/pv2/47185306/20170105133851130/google_sonic-bar-chart_300x250/bannerboy_dc.min.js (1)
[0328/124815:INFO:CONSOLE(1)] "BB-DC -- banner is visible", source: https://s0.2mdn.net/ads/richmedia/studio/pv2/47185306/20170105133851130/google_sonic-bar-chart_300x250/bannerboy_dc.min.js (1)
[0328/124855:INFO:CONSOLE(0)] "Failed to execute 'write' on 'Document': It isn't possible to write into a document from an asynchronously-loaded external script unless it is explicitly opened.", source: https://googleads.g.doubleclick.net/pagead/ads?client=ca-pub-3857768109978969&format=970x250&output=html&h=250&slotname=2836339934&adk=1475818235&adf=193337325&w=970&lmt=1490685534&flash=0&url=http%3A%2F%2Frequest.urih.com%2F&wgl=1&dt=1490685534472&bpp=16&bdt=138&fdt=19&idt=65&shv=r20170320&cbv=r20170110&saldr=aa&correlator=5607521407751&frm=20&ga_vid=1201419210.1490685535&ga_sid=1490685535&ga_hid=1083680859&ga_fc=0&pv=2&iag=3&icsg=2&nhd=1&dssz=2&mdo=0&mso=0&u_tz=330&u_his=1&u_java=0&u_h=1920&u_w=1080&u_ah=1920&u_aw=1006&u_cd=24&u_nplug=2&u_nmime=2&adx=17&ady=103&biw=1004&bih=1813&eid=575144605&oid=3&ref=https%3A%2F%2Fwww.google.co.in%2F&rx=0&eae=0&fc=16&brdim=75%2C86%2C75%2C86%2C1006%2C0%2C1004%2C1813%2C1004%2C1813&vis=1&rsz=%7C%7CeoE%7C&abl=CS&ppjl=t&pfx=0&fu=16&bc=1&ifi=1&xpc=so0eGhSyWR&p=http%3A//request.urih.com&dtd=109 (0)
[0328/125112:WARNING:extension_protocols.cc(438)] Failed to GetPathForExtension: pkedcjkdefgpdelpbcmbmeomcjbeemfm
[0328/125112:WARNING:url_request_job_manager.cc(89)] Failed to map: chrome-extension://pkedcjkdefgpdelpbcmbmeomcjbeemfm/cast_sender.js
[0328/125112:WARNING:extension_protocols.cc(438)] Failed to GetPathForExtension: fjhoaacokmgbjemoflkofnenfaiekifl
[0328/125112:WARNING:url_request_job_manager.cc(89)] Failed to map: chrome-extension://fjhoaacokmgbjemoflkofnenfaiekifl/cast_sender.js
[0328/125112:INFO:CONSOLE(0)] "Mixed Content: The page at 'https://www.youtube.com/watch?v=YQHsXMglC9A' was loaded over HTTPS, but requested an insecure script 'sharpbrowser://storage/errors/cannotConnect.html'. This request has been blocked; the content must be served over HTTPS.", source: https://www.youtube.com/watch?v=YQHsXMglC9A (0)
[0328/125112:INFO:CONSOLE(0)] "Mixed Content: The page at 'https://www.youtube.com/watch?v=YQHsXMglC9A' was loaded over HTTPS, but requested an insecure script 'sharpbrowser://storage/errors/cannotConnect.html'. This request has been blocked; the content must be served over HTTPS.", source: https://www.youtube.com/watch?v=YQHsXMglC9A (0)
[0328/125112:WARNING:extension_protocols.cc(438)] Failed to GetPathForExtension: boadgeojelhgndaghljhdicfkmllpafd
[0328/125113:WARNING:url_request_job_manager.cc(89)] Failed to map: chrome-extension://boadgeojelhgndaghljhdicfkmllpafd/cast_sender.js
[0328/125113:INFO:CONSOLE(0)] "Mixed Content: The page at 'https://www.youtube.com/watch?v=YQHsXMglC9A' was loaded over HTTPS, but requested an insecure XMLHttpRequest endpoint 'sharpbrowser://storage/errors/cannotConnect.html'. This request has been blocked; the content must be served over HTTPS.", source: https://www.youtube.com/watch?v=YQHsXMglC9A (0)
[0328/125113:WARNING:extension_protocols.cc(438)] Failed to GetPathForExtension: dliochdbjfkdbacpmhlcpmleaejidimm
[0328/125113:WARNING:url_request_job_manager.cc(89)] Failed to map: chrome-extension://dliochdbjfkdbacpmhlcpmleaejidimm/cast_sender.js
[0328/125113:INFO:CONSOLE(0)] "Mixed Content: The page at 'https://www.youtube.com/watch?v=YQHsXMglC9A' was loaded over HTTPS, but requested an insecure XMLHttpRequest endpoint 'sharpbrowser://storage/errors/cannotConnect.html'. This request has been blocked; the content must be served over HTTPS.", source: https://www.youtube.com/watch?v=YQHsXMglC9A (0)
[0328/125113:WARNING:extension_protocols.cc(438)] Failed to GetPathForExtension: enhhojjnijigcajfphajepfemndkmdlo
[0328/125113:WARNING:url_request_job_manager.cc(89)] Failed to map: chrome-extension://enhhojjnijigcajfphajepfemndkmdlo/cast_sender.js
[0328/125113:INFO:CONSOLE(0)] "Mixed Content: The page at 'https://www.youtube.com/watch?v=YQHsXMglC9A' was loaded over HTTPS, but requested an insecure XMLHttpRequest endpoint 'sharpbrowser://storage/errors/cannotConnect.html'. This request has been blocked; the content must be served over HTTPS.", source: https://www.youtube.com/watch?v=YQHsXMglC9A (0)
[0328/125113:WARNING:extension_protocols.cc(438)] Failed to GetPathForExtension: fmfcbgogabcbclcofgocippekhfcmgfj
[0328/125113:WARNING:url_request_job_manager.cc(89)] Failed to map: chrome-extension://fmfcbgogabcbclcofgocippekhfcmgfj/cast_sender.js
[0328/125113:ERROR:gpu_video_decode_accelerator.cc(362)] HW video decode not available for profile 12
[0328/125113:INFO:CONSOLE(0)] "Mixed Content: The page at 'https://www.youtube.com/watch?v=YQHsXMglC9A' was loaded over HTTPS, but requested an insecure XMLHttpRequest endpoint 'sharpbrowser://storage/errors/cannotConnect.html'. This request has been blocked; the content must be served over HTTPS.", source: https://www.youtube.com/watch?v=YQHsXMglC9A (0)
[0328/125114:INFO:CONSOLE(548)] "Uncaught (in promise) TypeError: Cannot read property 'permission' of undefined", source: https://www.youtube.com/yts/jsbin/www-en_US-vflG_bpHk/base.js (548)
[0328/125117:ERROR:gpu_video_decode_accelerator.cc(362)] HW video decode not available for profile 12
[0328/125117:INFO:CONSOLE(548)] "Uncaught (in promise) TypeError: Cannot read property 'permission' of undefined", source: https://www.youtube.com/yts/jsbin/www-en_US-vflG_bpHk/base.js (548)
[0328/125120:ERROR:ipc_channel_win.cc(217)] pipe error: 109
[0328/125122:INFO:CONSOLE(0)] "Mixed Content: The page at 'https://www.youtube.com/watch?v=hLQl3WQQoQ0' was loaded over HTTPS, but requested an insecure resource 'sharpbrowser://storage/errors/cannotConnect.html'. This content should also be served over HTTPS.", source: https://www.youtube.com/watch?v=hLQl3WQQoQ0 (0)
[0328/125126:WARNING:extension_protocols.cc(438)] Failed to GetPathForExtension: pkedcjkdefgpdelpbcmbmeomcjbeemfm
[0328/125126:WARNING:url_request_job_manager.cc(89)] Failed to map: chrome-extension://pkedcjkdefgpdelpbcmbmeomcjbeemfm/cast_sender.js
[0328/125126:WARNING:extension_protocols.cc(438)] Failed to GetPathForExtension: fjhoaacokmgbjemoflkofnenfaiekifl
[0328/125126:WARNING:url_request_job_manager.cc(89)] Failed to map: chrome-extension://fjhoaacokmgbjemoflkofnenfaiekifl/cast_sender.js
[0328/125126:INFO:CONSOLE(0)] "Mixed Content: The page at 'https://www.youtube.com/watch?v=hLQl3WQQoQ0' was loaded over HTTPS, but requested an insecure script 'sharpbrowser://storage/errors/cannotConnect.html'. This request has been blocked; the content must be served over HTTPS.", source: https://www.youtube.com/watch?v=hLQl3WQQoQ0 (0)
[0328/125126:INFO:CONSOLE(0)] "Mixed Content: The page at 'https://www.youtube.com/watch?v=hLQl3WQQoQ0' was loaded over HTTPS, but requested an insecure script 'sharpbrowser://storage/errors/cannotConnect.html'. This request has been blocked; the content must be served over HTTPS.", source: https://www.youtube.com/watch?v=hLQl3WQQoQ0 (0)
[0328/125126:WARNING:extension_protocols.cc(438)] Failed to GetPathForExtension: boadgeojelhgndaghljhdicfkmllpafd
[0328/125126:WARNING:url_request_job_manager.cc(89)] Failed to map: chrome-extension://boadgeojelhgndaghljhdicfkmllpafd/cast_sender.js
[0328/125126:INFO:CONSOLE(0)] "Mixed Content: The page at 'https://www.youtube.com/watch?v=hLQl3WQQoQ0' was loaded over HTTPS, but requested an insecure XMLHttpRequest endpoint 'sharpbrowser://storage/errors/cannotConnect.html'. This request has been blocked; the content must be served over HTTPS.", source: https://www.youtube.com/watch?v=hLQl3WQQoQ0 (0)
[0328/125126:WARNING:extension_protocols.cc(438)] Failed to GetPathForExtension: dliochdbjfkdbacpmhlcpmleaejidimm
[0328/125126:WARNING:url_request_job_manager.cc(89)] Failed to map: chrome-extension://dliochdbjfkdbacpmhlcpmleaejidimm/cast_sender.js
[0328/125126:INFO:CONSOLE(0)] "Mixed Content: The page at 'https://www.youtube.com/watch?v=hLQl3WQQoQ0' was loaded over HTTPS, but requested an insecure XMLHttpRequest endpoint 'sharpbrowser://storage/errors/cannotConnect.html'. This request has been blocked; the content must be served over HTTPS.", source: https://www.youtube.com/watch?v=hLQl3WQQoQ0 (0)
[0328/125126:WARNING:extension_protocols.cc(438)] Failed to GetPathForExtension: enhhojjnijigcajfphajepfemndkmdlo
[0328/125126:WARNING:url_request_job_manager.cc(89)] Failed to map: chrome-extension://enhhojjnijigcajfphajepfemndkmdlo/cast_sender.js
[0328/125126:INFO:CONSOLE(0)] "Mixed Content: The page at 'https://www.youtube.com/watch?v=hLQl3WQQoQ0' was loaded over HTTPS, but requested an insecure XMLHttpRequest endpoint 'sharpbrowser://storage/errors/cannotConnect.html'. This request has been blocked; the content must be served over HTTPS.", source: https://www.youtube.com/watch?v=hLQl3WQQoQ0 (0)
[0328/125126:WARNING:extension_protocols.cc(438)] Failed to GetPathForExtension: fmfcbgogabcbclcofgocippekhfcmgfj
[0328/125126:WARNING:url_request_job_manager.cc(89)] Failed to map: chrome-extension://fmfcbgogabcbclcofgocippekhfcmgfj/cast_sender.js
[0328/125126:ERROR:gpu_video_decode_accelerator.cc(362)] HW video decode not available for profile 12
[0328/125126:INFO:CONSOLE(0)] "Mixed Content: The page at 'https://www.youtube.com/watch?v=hLQl3WQQoQ0' was loaded over HTTPS, but requested an insecure XMLHttpRequest endpoint 'sharpbrowser://storage/errors/cannotConnect.html'. This request has been blocked; the content must be served over HTTPS.", source: https://www.youtube.com/watch?v=hLQl3WQQoQ0 (0)
[0328/125127:INFO:CONSOLE(548)] "Uncaught (in promise) TypeError: Cannot read property 'permission' of undefined", source: https://www.youtube.com/yts/jsbin/www-en_US-vflG_bpHk/base.js (548)
[0328/125137:WARNING:extension_protocols.cc(438)] Failed to GetPathForExtension: pkedcjkdefgpdelpbcmbmeomcjbeemfm
[0328/125137:WARNING:url_request_job_manager.cc(89)] Failed to map: chrome-extension://pkedcjkdefgpdelpbcmbmeomcjbeemfm/cast_sender.js
[0328/125137:INFO:CONSOLE(0)] "Mixed Content: The page at 'https://www.youtube.com/watch?v=Ri7-vnrJD3k' was loaded over HTTPS, but requested an insecure script 'sharpbrowser://storage/errors/cannotConnect.html'. This request has been blocked; the content must be served over HTTPS.", source: https://www.youtube.com/watch?v=Ri7-vnrJD3k (0)
[0328/125137:WARNING:extension_protocols.cc(438)] Failed to GetPathForExtension: fjhoaacokmgbjemoflkofnenfaiekifl
[0328/125137:WARNING:url_request_job_manager.cc(89)] Failed to map: chrome-extension://fjhoaacokmgbjemoflkofnenfaiekifl/cast_sender.js
[0328/125137:WARNING:extension_protocols.cc(438)] Failed to GetPathForExtension: boadgeojelhgndaghljhdicfkmllpafd
[0328/125137:WARNING:url_request_job_manager.cc(89)] Failed to map: chrome-extension://boadgeojelhgndaghljhdicfkmllpafd/cast_sender.js
[0328/125137:INFO:CONSOLE(0)] "Mixed Content: The page at 'https://www.youtube.com/watch?v=Ri7-vnrJD3k' was loaded over HTTPS, but requested an insecure script 'sharpbrowser://storage/errors/cannotConnect.html'. This request has been blocked; the content must be served over HTTPS.", source: https://www.youtube.com/watch?v=Ri7-vnrJD3k (0)
[0328/125137:WARNING:extension_protocols.cc(438)] Failed to GetPathForExtension: dliochdbjfkdbacpmhlcpmleaejidimm
[0328/125137:WARNING:url_request_job_manager.cc(89)] Failed to map: chrome-extension://dliochdbjfkdbacpmhlcpmleaejidimm/cast_sender.js
[0328/125137:INFO:CONSOLE(0)] "Mixed Content: The page at 'https://www.youtube.com/watch?v=Ri7-vnrJD3k' was loaded over HTTPS, but requested an insecure XMLHttpRequest endpoint 'sharpbrowser://storage/errors/cannotConnect.html'. This request has been blocked; the content must be served over HTTPS.", source: https://www.youtube.com/watch?v=Ri7-vnrJD3k (0)
[0328/125137:INFO:CONSOLE(0)] "Mixed Content: The page at 'https://www.youtube.com/watch?v=Ri7-vnrJD3k' was loaded over HTTPS, but requested an insecure XMLHttpRequest endpoint 'sharpbrowser://storage/errors/cannotConnect.html'. This request has been blocked; the content must be served over HTTPS.", source: https://www.youtube.com/watch?v=Ri7-vnrJD3k (0)
[0328/125137:WARNING:extension_protocols.cc(438)] Failed to GetPathForExtension: enhhojjnijigcajfphajepfemndkmdlo
[0328/125137:WARNING:url_request_job_manager.cc(89)] Failed to map: chrome-extension://enhhojjnijigcajfphajepfemndkmdlo/cast_sender.js
[0328/125137:ERROR:gpu_video_decode_accelerator.cc(362)] HW video decode not available for profile 12
[0328/125137:WARNING:extension_protocols.cc(438)] Failed to GetPathForExtension: fmfcbgogabcbclcofgocippekhfcmgfj
[0328/125137:WARNING:url_request_job_manager.cc(89)] Failed to map: chrome-extension://fmfcbgogabcbclcofgocippekhfcmgfj/cast_sender.js
[0328/125137:INFO:CONSOLE(0)] "Mixed Content: The page at 'https://www.youtube.com/watch?v=Ri7-vnrJD3k' was loaded over HTTPS, but requested an insecure XMLHttpRequest endpoint 'sharpbrowser://storage/errors/cannotConnect.html'. This request has been blocked; the content must be served over HTTPS.", source: https://www.youtube.com/watch?v=Ri7-vnrJD3k (0)
[0328/125137:INFO:CONSOLE(0)] "Mixed Content: The page at 'https://www.youtube.com/watch?v=Ri7-vnrJD3k' was loaded over HTTPS, but requested an insecure XMLHttpRequest endpoint 'sharpbrowser://storage/errors/cannotConnect.html'. This request has been blocked; the content must be served over HTTPS.", source: https://www.youtube.com/watch?v=Ri7-vnrJD3k (0)
[0328/125138:INFO:CONSOLE(548)] "Uncaught (in promise) TypeError: Cannot read property 'permission' of undefined", source: https://www.youtube.com/yts/jsbin/www-en_US-vflG_bpHk/base.js (548)
[0328/125139:ERROR:ipc_channel_win.cc(217)] pipe error: 109
[0328/125142:ERROR:gpu_video_decode_accelerator.cc(362)] HW video decode not available for profile 12
[0328/125148:ERROR:ipc_channel_win.cc(217)] pipe error: 109
[0328/125208:ERROR:gpu_video_decode_accelerator.cc(362)] HW video decode not available for profile 12
[0328/125209:ERROR:ipc_channel_win.cc(519)] pipe error: 232
[0328/125209:ERROR:ipc_channel_win.cc(519)] pipe error: 232
[0328/125209:ERROR:ipc_channel_win.cc(519)] pipe error: 232
[0328/125209:ERROR:ipc_channel_win.cc(519)] pipe error: 232
[0328/125209:ERROR:ipc_channel_win.cc(519)] pipe error: 232
[0328/125209:ERROR:ipc_channel_win.cc(217)] pipe error: 109
[0328/125219:ERROR:render_media_log.cc(23)] MediaEvent: PIPELINE_ERROR demuxer: could not open
[0328/125219:ERROR:render_media_log.cc(23)] MediaEvent: PIPELINE_ERROR demuxer: could not open
[0328/125219:ERROR:render_media_log.cc(23)] MediaEvent: PIPELINE_ERROR demuxer: could not open
[0328/125219:ERROR:render_media_log.cc(23)] MediaEvent: PIPELINE_ERROR demuxer: could not open
[0328/125219:ERROR:render_media_log.cc(23)] MediaEvent: PIPELINE_ERROR demuxer: could not open
[0328/125219:ERROR:render_media_log.cc(23)] MediaEvent: PIPELINE_ERROR demuxer: could not open
[0328/125224:INFO:CONSOLE(3)] "Timeout has been reached for bid with slot", source: http://vlibs.advertising.com/one-publishers-api/PubTag/pubtaglib-0.x.x.js (3)
[0328/125224:INFO:CONSOLE(3)] "Timeout has been reached for bid with slot", source: http://vlibs.advertising.com/one-publishers-api/PubTag/pubtaglib-0.x.x.js (3)
[0328/125224:INFO:CONSOLE(3)] "Timeout has been reached for bid with slot", source: http://vlibs.advertising.com/one-publishers-api/PubTag/pubtaglib-0.x.x.js (3)
[0328/125224:INFO:CONSOLE(3)] "Timeout has been reached for bid with slot", source: http://vlibs.advertising.com/one-publishers-api/PubTag/pubtaglib-0.x.x.js (3)
[0328/125224:INFO:CONSOLE(3)] "Timeout has been reached for bid with slot", source: http://vlibs.advertising.com/one-publishers-api/PubTag/pubtaglib-0.x.x.js (3)
[0328/125224:INFO:CONSOLE(3)] "Timeout has been reached for bid with slot", source: http://vlibs.advertising.com/one-publishers-api/PubTag/pubtaglib-0.x.x.js (3)
[0328/125224:INFO:CONSOLE(3)] "Timeout has been reached for bid with slot", source: http://vlibs.advertising.com/one-publishers-api/PubTag/pubtaglib-0.x.x.js (3)
[0328/125228:ERROR:ipc_channel_win.cc(519)] pipe error: 232
[0328/125228:ERROR:ipc_channel_win.cc(217)] pipe error: 109
[0823/223128:INFO:CONSOLE(0)] "
%cStop!", source:  (0)
[0823/223128:INFO:CONSOLE(0)] "
%cThis is a browser feature intended for developers. If someone told you to copy and paste something here to enable a Facebook feature or "hack" someone's account, it is a scam and will give them access to your Facebook account.", source:  (0)
[0823/223128:INFO:CONSOLE(0)] "
%cSee https://www.facebook.com/selfxss for more information.", source:  (0)
[0823/223128:INFO:CONSOLE(0)] "
%c", source:  (0)
[0823/223135:ERROR:gles2_cmd_decoder.cc(13997)] [.CommandBufferContext.RenderWorker-00B25CC8]GL ERROR :GL_INVALID_VALUE : glCopySubTextureCHROMIUM: source texture has no level 0
[0823/223135:ERROR:gles2_cmd_decoder.cc(13997)] [.CommandBufferContext.RenderWorker-00B25CC8]GL ERROR :GL_INVALID_VALUE : glCopySubTextureCHROMIUM: source texture has no level 0
[0823/223135:ERROR:gles2_cmd_decoder.cc(13997)] [.CommandBufferContext.RenderWorker-00B25CC8]GL ERROR :GL_INVALID_VALUE : glCopySubTextureCHROMIUM: source texture has no level 0
[0823/223135:ERROR:gles2_cmd_decoder.cc(13997)] [.CommandBufferContext.RenderWorker-00B25CC8]GL ERROR :GL_INVALID_VALUE : glCopySubTextureCHROMIUM: source texture has no level 0
[0823/223135:ERROR:gles2_cmd_decoder.cc(13997)] [.CommandBufferContext.RenderWorker-00B25CC8]GL ERROR :GL_INVALID_VALUE : glCopySubTextureCHROMIUM: source texture has no level 0
[0823/223135:ERROR:gles2_cmd_decoder.cc(13997)] [.CommandBufferContext.RenderWorker-00B25CC8]GL ERROR :GL_INVALID_VALUE : glCopySubTextureCHROMIUM: source texture has no level 0
[0823/223135:ERROR:gles2_cmd_decoder.cc(13997)] [.CommandBufferContext.RenderWorker-00B25CC8]GL ERROR :GL_INVALID_VALUE : glCopySubTextureCHROMIUM: source texture has no level 0
[0823/223136:ERROR:ipc_channel_win.cc(217)] pipe error: 109
[0823/223154:ERROR:ipc_channel_win.cc(217)] pipe error: 109
[0824/004831:WARNING:backend_impl.cc(1593)] Messed up entry found.
[0824/004831:WARNING:backend_impl.cc(1807)] Destroying invalid entry.
[0824/004856:WARNING:backend_impl.cc(1807)] Destroying invalid entry.
[0824/010111:ERROR:ipc_channel_win.cc(217)] pipe error: 109
[0824/084015:ERROR:ipc_channel_win.cc(217)] pipe error: 109
[0824/090319:ERROR:ipc_channel_win.cc(217)] pipe error: 109
[0824/090442:WARNING:spdy_session.cc(2427)] Received HEADERS for invalid stream 11
[0824/090444:WARNING:spdy_session.cc(2427)] Received HEADERS for invalid stream 17
[0824/104509:WARNING:spdy_session.cc(2427)] Received HEADERS for invalid stream 1
[0824/104524:INFO:CONSOLE(0)] "The source list for Content Security Policy directive 'script-src' contains an invalid source: ''strict-dynamic''. It will be ignored.", source: https://accounts.google.com/ServiceLogin?continue=https%3A%2F%2Fmail.google.com%2Fmail%2F&service=mail&sacu=1&rip=1 (0)
[0824/104525:INFO:CONSOLE(0)] "The source list for Content Security Policy directive 'script-src' contains an invalid source: ''strict-dynamic''. It will be ignored.", source: about:blank (0)
[0824/104525:INFO:CONSOLE(0)] "The source list for Content Security Policy directive 'script-src' contains an invalid source: ''strict-dynamic''. It will be ignored.", source: about:blank (0)
[0824/104525:INFO:CONSOLE(0)] "The source list for Content Security Policy directive 'script-src' contains an invalid source: ''strict-dynamic''. It will be ignored.", source: about:blank (0)
[0824/104536:INFO:CONSOLE(0)] "The specified value "simplenayem" is not a valid email address.", source: https://accounts.google.com/signin/v2/sl/pwd?continue=https%3A%2F%2Fmail.google.com%2Fmail%2F&service=mail&sacu=1&rip=1&flowName=GlifWebSignIn&flowEntry=ServiceLogin&cid=1&navigationDirection=forward (0)
[0824/104536:INFO:CONSOLE(0)] "The source list for Content Security Policy directive 'script-src' contains an invalid source: ''strict-dynamic''. It will be ignored.", source: about:blank (0)
[0824/104536:INFO:CONSOLE(0)] "The source list for Content Security Policy directive 'script-src' contains an invalid source: ''strict-dynamic''. It will be ignored.", source: about:blank (0)
[0824/104544:INFO:CONSOLE(0)] "The source list for Content Security Policy directive 'script-src' contains an invalid source: ''strict-dynamic''. It will be ignored.", source: https://accounts.youtube.com/accounts/SetSID?ssdc=1&sidt=ALWU2cuPUdbsZaYey%2FtDuMl72d1X09tGIU8i6a7Y9oiZ5dZNbBKyoMYsU4I0ZW9CVVxp5L%2BaHJk%2B6sJK6G1rXEN8S5Wcv%2FPhNo2PXCQWjVmPy1V80OfBbGN%2Bw6pCVjTsZTfp3cMKoEudFAikgtd%2BbBZ6%2FApgaFTTvmUBNZxJP%2FU8ZBffid5yo9ga8gKTRxLMApqSeLkVUxkN9ukdc8EzNdXDUrg0mYvRFEVfROV05e4Vby4ZybeDLUkszBOkovZHoJ6bUmTBtiGvIvNFQssg53Um8E1mRdWIDw%3D%3D&pmpo=https%3A%2F%2Faccounts.google.com (0)
[0824/104544:INFO:CONSOLE(0)] "The source list for Content Security Policy directive 'script-src' contains an invalid source: ''strict-dynamic''. It will be ignored.", source: https://accounts.google.com.bd/accounts/SetSID?ssdc=1&sidt=ALWU2ct9RU1YUams88Wlj0nVkrRvDGHwDln2NVZBr4UWALLcl2GP5Iv3USZmiKnIGiHN0Fb9cYHNZA70AyuQ7v6EpBEFSKoXD8h1UOV5%2BJoXOftb0oYE2opxltNw1PpQkQA%2F9oIl5b8LzRDycdTLnrecX8lGFmReUsDgDOdCHhqZNIgXK3Mlldq%2BhnA2xzmK1QB%2B1FzZpQ2UUtVOPp6JQLo3ghkEN%2BWtNzu86PfpgY7onaZeTLcZBCyiuGe5pBsRju0O5Nx6fu%2Fx9i0KKzr3jBnrn%2FXTVk6Otg%3D%3D&pmpo=https%3A%2F%2Faccounts.google.com (0)
[0824/104547:INFO:CONSOLE(0)] "The source list for Content Security Policy directive 'script-src' contains an invalid source: ''strict-dynamic''. It will be ignored.", source: https://mail.google.com/mail/u/0/ (0)
[0824/104547:INFO:CONSOLE(1)] "[Report Only] Refused to execute inline script because it violates the following Content Security Policy directive: "script-src 'nonce-WQlTgXC20Q+BeerP52Dmu5YgTHA' 'strict-dynamic' 'unsafe-eval' 'unsafe-inline' https:". Note that 'unsafe-inline' is ignored if either a hash or nonce value is present in the source list.
", source: https://mail.google.com/mail/u/0/ (1)
[0824/104547:INFO:CONSOLE(3)] "[Report Only] Refused to execute inline script because it violates the following Content Security Policy directive: "script-src 'nonce-WQlTgXC20Q+BeerP52Dmu5YgTHA' 'strict-dynamic' 'unsafe-eval' 'unsafe-inline' https:". Note that 'unsafe-inline' is ignored if either a hash or nonce value is present in the source list.
", source: https://mail.google.com/mail/u/0/ (3)
[0824/104547:INFO:CONSOLE(25)] "[Report Only] Refused to execute inline script because it violates the following Content Security Policy directive: "script-src 'nonce-WQlTgXC20Q+BeerP52Dmu5YgTHA' 'strict-dynamic' 'unsafe-eval' 'unsafe-inline' https:". Note that 'unsafe-inline' is ignored if either a hash or nonce value is present in the source list.
", source: https://mail.google.com/mail/u/0/ (25)
[0824/104547:INFO:CONSOLE(0)] "The source list for Content Security Policy directive 'script-src' contains an invalid source: ''strict-dynamic''. It will be ignored.", source: about:blank (0)
[0824/104547:INFO:CONSOLE(0)] "The source list for Content Security Policy directive 'script-src' contains an invalid source: ''strict-dynamic''. It will be ignored.", source: about:blank (0)
[0824/104547:INFO:CONSOLE(0)] "The source list for Content Security Policy directive 'script-src' contains an invalid source: ''strict-dynamic''. It will be ignored.", source: about:blank (0)
[0824/104547:INFO:CONSOLE(0)] "The source list for Content Security Policy directive 'script-src' contains an invalid source: ''strict-dynamic''. It will be ignored.", source: about:blank (0)
[0824/104547:INFO:CONSOLE(56)] "[Report Only] Refused to execute inline script because it violates the following Content Security Policy directive: "script-src 'nonce-WQlTgXC20Q+BeerP52Dmu5YgTHA' 'strict-dynamic' 'unsafe-eval' 'unsafe-inline' https:". Note that 'unsafe-inline' is ignored if either a hash or nonce value is present in the source list.
", source: https://mail.google.com/mail/u/0/ (56)
[0824/104548:INFO:CONSOLE(0)] "The source list for Content Security Policy directive 'script-src' contains an invalid source: ''strict-dynamic''. It will be ignored.", source: https://mail.google.com/mail/u/0/?ui=2&view=bsp&ver=ohhl4rw8mbn4 (0)
[0824/104548:INFO:CONSOLE(0)] "The source list for Content Security Policy directive 'script-src' contains an invalid source: ''report-sample''. It will be ignored.", source: https://mail.google.com/mail/u/0/?ui=2&view=bsp&ver=ohhl4rw8mbn4 (0)
[0824/104548:INFO:CONSOLE(0)] "The source list for Content Security Policy directive 'script-src' contains an invalid source: ''strict-dynamic''. It will be ignored.", source: https://mail.google.com/mail/u/0/?ui=2&view=bsp&ver=ohhl4rw8mbn4 (0)
[0824/104548:INFO:CONSOLE(0)] "The source list for Content Security Policy directive 'script-src' contains an invalid source: ''report-sample''. It will be ignored.", source: https://mail.google.com/mail/u/0/?ui=2&view=bsp&ver=ohhl4rw8mbn4 (0)
[0824/104548:INFO:CONSOLE(0)] "The source list for Content Security Policy directive 'script-src' contains an invalid source: ''strict-dynamic''. It will be ignored.", source: https://mail.google.com/mail/u/0/?ui=2&view=bsp&ver=ohhl4rw8mbn4 (0)
[0824/104548:INFO:CONSOLE(0)] "The source list for Content Security Policy directive 'script-src' contains an invalid source: ''report-sample''. It will be ignored.", source: https://mail.google.com/mail/u/0/?ui=2&view=bsp&ver=ohhl4rw8mbn4 (0)
[0824/104548:INFO:CONSOLE(58)] "[Report Only] Refused to execute inline script because it violates the following Content Security Policy directive: "script-src 'nonce-WQlTgXC20Q+BeerP52Dmu5YgTHA' 'strict-dynamic' 'unsafe-eval' 'unsafe-inline' https:". Note that 'unsafe-inline' is ignored if either a hash or nonce value is present in the source list.
", source: https://mail.google.com/mail/u/0/ (58)
[0824/104548:INFO:CONSOLE(0)] "The source list for Content Security Policy directive 'script-src' contains an invalid source: ''strict-dynamic''. It will be ignored.", source: about:blank (0)
[0824/104548:INFO:CONSOLE(0)] "The source list for Content Security Policy directive 'script-src' contains an invalid source: ''strict-dynamic''. It will be ignored.", source: about:blank (0)
[0824/104549:INFO:CONSOLE(0)] "[Report Only] Refused to execute inline script because it violates the following Content Security Policy directive: "script-src 'nonce-WQlTgXC20Q+BeerP52Dmu5YgTHA' 'strict-dynamic' 'unsafe-eval' 'unsafe-inline' https:". Note that 'unsafe-inline' is ignored if either a hash or nonce value is present in the source list.
", source: https://mail.google.com/mail/u/0/ (0)
[0824/104550:INFO:CONSOLE(0)] "The source list for Content Security Policy directive 'script-src' contains an invalid source: ''strict-dynamic''. It will be ignored.", source: about:blank (0)
[0824/104550:INFO:CONSOLE(0)] "The source list for Content Security Policy directive 'script-src' contains an invalid source: ''strict-dynamic''. It will be ignored.", source: about:blank (0)
[0824/104551:INFO:CONSOLE(0)] "The source list for Content Security Policy directive 'script-src' contains an invalid source: ''strict-dynamic''. It will be ignored.", source: about:blank (0)
[0824/104551:INFO:CONSOLE(0)] "The source list for Content Security Policy directive 'script-src' contains an invalid source: ''strict-dynamic''. It will be ignored.", source: about:blank (0)
[0824/104551:INFO:CONSOLE(0)] "The source list for Content Security Policy directive 'script-src' contains an invalid source: ''strict-dynamic''. It will be ignored.", source: about:blank (0)
[0824/104552:INFO:CONSOLE(0)] "The source list for Content Security Policy directive 'script-src' contains an invalid source: ''strict-dynamic''. It will be ignored.", source: about:blank (0)
[0824/104552:INFO:CONSOLE(0)] "The source list for Content Security Policy directive 'script-src' contains an invalid source: ''strict-dynamic''. It will be ignored.", source: about:blank (0)
[0824/104552:INFO:CONSOLE(0)] "The source list for Content Security Policy directive 'script-src' contains an invalid source: ''strict-dynamic''. It will be ignored.", source: about:blank (0)
[0824/104552:INFO:CONSOLE(0)] "The source list for Content Security Policy directive 'script-src' contains an invalid source: ''strict-dynamic''. It will be ignored.", source: about:blank (0)
[0824/104555:INFO:CONSOLE(0)] "The source list for Content Security Policy directive 'script-src' contains an invalid source: ''strict-dynamic''. It will be ignored.", source: about:blank (0)
[0824/104555:INFO:CONSOLE(0)] "The source list for Content Security Policy directive 'script-src' contains an invalid source: ''strict-dynamic''. It will be ignored.", source: about:blank (0)
[0824/104555:INFO:CONSOLE(0)] "The source list for Content Security Policy directive 'script-src' contains an invalid source: ''strict-dynamic''. It will be ignored.", source: about:blank (0)
[0824/104556:INFO:CONSOLE(0)] "The source list for Content Security Policy directive 'script-src' contains an invalid source: ''strict-dynamic''. It will be ignored.", source: about:blank (0)
[0824/104557:INFO:CONSOLE(0)] "The source list for Content Security Policy directive 'script-src' contains an invalid source: ''strict-dynamic''. It will be ignored.", source: https://notifications.google.com/u/0/widget?sourceid=23&hl=en&origin=https%3A%2F%2Fmail.google.com&uc=1&usegapi=1&jsh=m%3B%2F_%2Fscs%2Fabc-static%2F_%2Fjs%2Fk%3Dgapi.gapi.en.ellQXbSf-LI.O%2Fm%3D__features__%2Fam%3DAAg%2Frt%3Dj%2Fd%3D1%2Frs%3DAHpOoo9jm0At0b0B7I7G3MSvlepU00mZfA&pli=1#pid=23&_methods=onError%2ConInfo%2ChideNotificationWidget%2CpostSharedMessage%2Creauth%2CsetNotificationWidgetHeight%2CsetNotificationWidgetSize%2CswitchTo%2CnavigateTo%2CsetNotificationText%2CsetNotificationAnimation%2CgetNotificationText%2CvalidateUser%2C_ready&id=I0_1503549955593&parent=https%3A%2F%2Fmail.google.com&pfname=&rpctoken=41694425 (0)
[0824/104609:WARNING:spdy_session.cc(2427)] Received HEADERS for invalid stream 7
[0824/104610:INFO:CONSOLE(0)] "The source list for Content Security Policy directive 'script-src' contains an invalid source: ''strict-dynamic''. It will be ignored.", source: https://accounts.google.com/ServiceLogin?service=mail&passive=true&rm=false&continue=https://mail.google.com/mail/&ss=1&scc=1&ltmpl=default&ltmplcache=2&emr=1&osid=1# (0)
[0824/104611:INFO:CONSOLE(0)] "The source list for Content Security Policy directive 'script-src' contains an invalid source: ''strict-dynamic''. It will be ignored.", source: about:blank (0)
[0824/104611:INFO:CONSOLE(0)] "The source list for Content Security Policy directive 'script-src' contains an invalid source: ''strict-dynamic''. It will be ignored.", source: about:blank (0)
[0824/104611:INFO:CONSOLE(0)] "The source list for Content Security Policy directive 'script-src' contains an invalid source: ''strict-dynamic''. It will be ignored.", source: about:blank (0)
[0824/112302:WARNING:dns_config_service_win.cc(665)] Failed to read DnsConfig.
[0824/112302:WARNING:dns_config_service_win.cc(665)] Failed to read DnsConfig.
[0824/132817:INFO:CONSOLE(0)] "Mixed Content: The page at 'https://www.google.com/' was loaded over HTTPS, but requested an insecure script 'http://web.archive.org/web/*/https://www.gstatic.com/og/_/js/k=og.og.en_US._IF30UbLncA.O/rt=j/m=is,id,nb,nw,sb,awd,st,ip,dp/exm=bt,base,bn,bu,cp,el,lo,sf,up,dd,gi,vi,pi,eq,d,ld,gl,sd,p,vd,lod,eld,cpd/d=1/ed=1'. This request has been blocked; the content must be served over HTTPS.", source: https://www.google.com/ (0)
[0824/132817:INFO:CONSOLE(0)] "Mixed Content: The page at 'https://www.google.com/' was loaded over HTTPS, but requested an insecure script 'http://web.archive.org/web/*/https://www.gstatic.com/og/_/js/k=og.og.en_US._IF30UbLncA.O/rt=j/m=is,id,nb,nw,sb,awd,st,ip,dp/exm=bt,base,bn,bu,cp,el,lo,sf,up,dd,gi,vi,pi,eq,d,ld,gl,sd,p,vd,lod,eld,cpd/d=1/ed=1'. This request has been blocked; the content must be served over HTTPS.", source: https://www.google.com/ (0)
[0824/132825:WARNING:spdy_session.cc(2427)] Received HEADERS for invalid stream 9
[0824/132826:WARNING:spdy_session.cc(2427)] Received HEADERS for invalid stream 11
[0824/132830:INFO:CONSOLE(0)] "'results' attribute is deprecated and will be removed in M53, around September 2016. See https://www.chromestatus.com/features/5738199536107520 for more details.", source:  (0)
[0824/133025:ERROR:gles2_cmd_decoder.cc(13997)] [.CommandBufferContext.RenderWorker-0154CC28]GL ERROR :GL_INVALID_VALUE : glCopySubTextureCHROMIUM: source texture has no level 0
[0824/133025:ERROR:gles2_cmd_decoder.cc(13997)] [.CommandBufferContext.RenderWorker-0154CC28]GL ERROR :GL_INVALID_VALUE : glCopySubTextureCHROMIUM: source texture has no level 0
[0824/133025:ERROR:gles2_cmd_decoder.cc(13997)] [.CommandBufferContext.RenderWorker-0154CC28]GL ERROR :GL_INVALID_VALUE : glCopySubTextureCHROMIUM: source texture has no level 0
[0824/133327:INFO:CONSOLE(0)] "The source list for Content Security Policy directive 'script-src' contains an invalid source: ''strict-dynamic''. It will be ignored.", source: https://accounts.google.com/ServiceLogin?service=mail&passive=true&rm=false&continue=https://mail.google.com/mail/?tab%3Dwm&scc=1&ltmpl=default&ltmplcache=2&emr=1&osid=1# (0)
[0824/133337:INFO:CONSOLE(0)] "The source list for Content Security Policy directive 'script-src' contains an invalid source: ''strict-dynamic''. It will be ignored.", source: about:blank (0)
[0824/133339:INFO:CONSOLE(0)] "The source list for Content Security Policy directive 'script-src' contains an invalid source: ''strict-dynamic''. It will be ignored.", source: about:blank (0)
[0824/133339:INFO:CONSOLE(0)] "The source list for Content Security Policy directive 'script-src' contains an invalid source: ''strict-dynamic''. It will be ignored.", source: about:blank (0)
[0824/133646:INFO:CONSOLE(0)] "The source list for Content Security Policy directive 'script-src' contains an invalid source: ''strict-dynamic''. It will be ignored.", source: https://accounts.google.com/ServiceLogin?service=mail&passive=true&rm=false&continue=https://mail.google.com/mail/?tab%3Dwm&scc=1&ltmpl=default&ltmplcache=2&emr=1&osid=1# (0)
[0824/133647:INFO:CONSOLE(0)] "The source list for Content Security Policy directive 'script-src' contains an invalid source: ''strict-dynamic''. It will be ignored.", source: about:blank (0)
[0824/133647:INFO:CONSOLE(0)] "The source list for Content Security Policy directive 'script-src' contains an invalid source: ''strict-dynamic''. It will be ignored.", source: about:blank (0)
[0824/133647:INFO:CONSOLE(0)] "The source list for Content Security Policy directive 'script-src' contains an invalid source: ''strict-dynamic''. It will be ignored.", source: about:blank (0)
[0824/133702:WARNING:spdy_session.cc(2427)] Received HEADERS for invalid stream 11
[0824/133712:INFO:CONSOLE(302)] "Hello friend!

Wikipedia is powered by MediaWiki. MediaWiki is open source software and we're always keen to hear from fellow developers about what we should be doing or what we could be doing better.

Come chat with us on irc @ https://webchat.freenode.net/?channels=#wikimedia-mobile

Or work for us @ https://wikimediafoundation.org/wiki/Work_with_us", source: https://en.m.wikipedia.org/w/load.php?debug=false&lang=en&modules=ext.centralNotice.bannerHistoryLogger%2CchoiceData%2Cdisplay%2CgeoIP%2CimpressionDiet%2CkvStore%2CkvStoreMaintenance%2ClargeBannerLimit%2ClegacySupport%2CstartUp%7Cext.centralauth.centralautologin%7Cext.eventLogging%2CnavigationTiming%2CwikimediaEvents%7Cext.eventLogging.subscriber%7Cext.visualEditor.targetLoader%2Ctrack%2Cve%7Cjquery.accessKeyLabel%2CbyteLength%2Cclient%2Ccookie%2CtextSelection%2Cthrottle-debounce%7Cmediawiki.RegExp%2CTitle%2CUri%2Capi%2Ccldr%2Ccookie%2Cexperiments%2CjqueryMsg%2Clanguage%2Cnotify%2Crouter%2Cstorage%2Ctemplate%2Cuser%2Cutil%2Cviewport%7Cmediawiki.api.user%7Cmediawiki.language.data%2Cinit%7Cmediawiki.libs.pluralruleparser%7Cmediawiki.page.startup%7Cmediawiki.template.hogan%2Cregexp%7Cmediawiki.ui.input%7Cmobile.ajax.styles%7Cmobile.betaoptin%2Cissues%2Creferences%2Csearch%2Csite%2Cstartup%2Ctoggle%2Cwatchstar%7Cmobile.editor.api%7Cmobile.issues.images%7Cmobile.loggingSchemas.edit%2CmobileWebMainMenuClickTracking%2CmobileWebSearch%7Cmobile.overlay.images%7Cmobile.pagelist.scripts%2Cstyles%7Cmobile.pagesummary.styles%7Cmobile.references.gateway%2Cimages%7Cmobile.search.api%2Cimages%2Cutil%7Cmobile.startup.images%7Coojs%2Coojs-router%7Cschema.Edit%2CMobileWebMainMenuClickTracking%2CMobileWebSearch%7Cskins.minerva.editor%2CmainMenu%2Cscripts%2Ctoggling%7Cskins.minerva.icons.images.scripts%2Cvariants%7Cskins.minerva.mainMenu.icons%2Cstyles%7Cskins.minerva.scripts.top%7Cuser.defaults&skin=minerva&version=1n4uw5v (302)
[0824/135000:INFO:CONSOLE(0)] "Mixed Content: The page at 'https://www.google.com/' was loaded over HTTPS, but requested an insecure script 'http://web.archive.org/web/*/https://www.gstatic.com/og/_/js/k=og.og.en_US._IF30UbLncA.O/rt=j/m=is,id,nb,nw,sb,awd,st,ip,dp/exm=bt,base,bn,bu,cp,el,lo,sf,up,dd,gi,vi,pi,eq,d,ld,gl,sd,p,vd,lod,eld,cpd/d=1/ed=1'. This request has been blocked; the content must be served over HTTPS.", source: https://www.google.com/ (0)
[0824/135000:INFO:CONSOLE(0)] "Mixed Content: The page at 'https://www.google.com/' was loaded over HTTPS, but requested an insecure script 'http://web.archive.org/web/*/https://www.gstatic.com/og/_/js/k=og.og.en_US._IF30UbLncA.O/rt=j/m=is,id,nb,nw,sb,awd,st,ip,dp/exm=bt,base,bn,bu,cp,el,lo,sf,up,dd,gi,vi,pi,eq,d,ld,gl,sd,p,vd,lod,eld,cpd/d=1/ed=1'. This request has been blocked; the content must be served over HTTPS.", source: https://www.google.com/ (0)
[0824/140101:WARNING:spdy_session.cc(2427)] Received HEADERS for invalid stream 19
[0824/140101:WARNING:spdy_session.cc(2427)] Received HEADERS for invalid stream 21
[0824/140111:INFO:CONSOLE(177)] "Exception in resolve:", source: https://bn.wikipedia.org/w/load.php?debug=false&lang=bn&modules=jquery%2Cmediawiki%7Cmediawiki.legacy.wikibits&only=scripts&skin=vector&version=0ynbgde (177)
[0824/140111:INFO:CONSOLE(177)] "Error: Unknown dependency: ext.gadget.MobileMaps", source: https://bn.wikipedia.org/w/load.php?debug=false&lang=bn&modules=jquery%2Cmediawiki%7Cmediawiki.legacy.wikibits&only=scripts&skin=vector&version=0ynbgde (177)
[0824/140111:INFO:CONSOLE(51)] "This page is using the deprecated ResourceLoader module "jquery.ui.widget".", source: https://bn.wikipedia.org/w/load.php?debug=false&lang=bn&modules=jquery.ui.core%2Cdraggable%2Cmouse%2Cresizable%2Cwidget%7Cjquery.ui.core.styles&skin=vector&version=0wzuht0 (51)
[0824/140111:INFO:CONSOLE(1)] "This page is using the deprecated ResourceLoader module "jquery.ui.core".
Please use "mediawiki.ui.button" or "oojs-ui" instead.", source: https://bn.wikipedia.org/w/load.php?debug=false&lang=bn&modules=jquery.ui.core%2Cdraggable%2Cmouse%2Cresizable%2Cwidget%7Cjquery.ui.core.styles&skin=vector&version=0wzuht0 (1)
[0824/140118:INFO:CONSOLE(177)] "Exception in resolve:", source: https://bn.wikipedia.org/w/load.php?debug=false&lang=bn&modules=jquery%2Cmediawiki%7Cmediawiki.legacy.wikibits&only=scripts&skin=vector&version=0ynbgde (177)
[0824/140118:INFO:CONSOLE(177)] "Error: Unknown dependency: ext.gadget.MobileMaps", source: https://bn.wikipedia.org/w/load.php?debug=false&lang=bn&modules=jquery%2Cmediawiki%7Cmediawiki.legacy.wikibits&only=scripts&skin=vector&version=0ynbgde (177)
[0824/140118:INFO:CONSOLE(61)] "This page is using the deprecated ResourceLoader module "jquery.ui.widget".", source:  (61)
[0824/140119:INFO:CONSOLE(56)] "This page is using the deprecated ResourceLoader module "jquery.ui.core".
Please use "mediawiki.ui.button" or "oojs-ui" instead.", source:  (56)
[0824/140122:INFO:CONSOLE(177)] "Exception in resolve:", source: https://bn.wikipedia.org/w/load.php?debug=false&lang=bn&modules=jquery%2Cmediawiki%7Cmediawiki.legacy.wikibits&only=scripts&skin=vector&version=0ynbgde (177)
[0824/140122:INFO:CONSOLE(177)] "Error: Unknown dependency: ext.gadget.MobileMaps", source: https://bn.wikipedia.org/w/load.php?debug=false&lang=bn&modules=jquery%2Cmediawiki%7Cmediawiki.legacy.wikibits&only=scripts&skin=vector&version=0ynbgde (177)
[0824/140123:INFO:CONSOLE(61)] "This page is using the deprecated ResourceLoader module "jquery.ui.widget".", source:  (61)
[0824/140123:INFO:CONSOLE(56)] "This page is using the deprecated ResourceLoader module "jquery.ui.core".
Please use "mediawiki.ui.button" or "oojs-ui" instead.", source:  (56)
[0824/145316:WARNING:dns_config_service_win.cc(665)] Failed to read DnsConfig.
[0824/145321:WARNING:dns_config_service_win.cc(665)] Failed to read DnsConfig.
[0824/145326:WARNING:dns_config_service_win.cc(665)] Failed to read DnsConfig.
[0824/145331:WARNING:dns_config_service_win.cc(665)] Failed to read DnsConfig.
[0824/145336:WARNING:dns_config_service_win.cc(665)] Failed to read DnsConfig.
[0824/145341:WARNING:dns_config_service_win.cc(665)] Failed to read DnsConfig.
[0824/145346:WARNING:dns_config_service_win.cc(665)] Failed to read DnsConfig.
[0824/145351:WARNING:dns_config_service_win.cc(665)] Failed to read DnsConfig.
[0824/145356:WARNING:dns_config_service_win.cc(665)] Failed to read DnsConfig.
[0824/145744:WARNING:dns_config_service_win.cc(665)] Failed to read DnsConfig.
[0824/145749:WARNING:dns_config_service_win.cc(665)] Failed to read DnsConfig.
[0824/145754:WARNING:dns_config_service_win.cc(665)] Failed to read DnsConfig.
[0824/145928:WARNING:dns_config_service_win.cc(665)] Failed to read DnsConfig.
[0824/145933:WARNING:dns_config_service_win.cc(665)] Failed to read DnsConfig.
[0824/145938:WARNING:dns_config_service_win.cc(665)] Failed to read DnsConfig.
[0824/145943:WARNING:dns_config_service_win.cc(665)] Failed to read DnsConfig.
[0824/145948:WARNING:dns_config_service_win.cc(665)] Failed to read DnsConfig.
[0824/145953:WARNING:dns_config_service_win.cc(665)] Failed to read DnsConfig.
[0824/150208:WARNING:dns_config_service_win.cc(665)] Failed to read DnsConfig.
[0824/150213:WARNING:dns_config_service_win.cc(665)] Failed to read DnsConfig.
[0824/150218:WARNING:dns_config_service_win.cc(665)] Failed to read DnsConfig.
[0824/160522:WARNING:dns_config_service_win.cc(665)] Failed to read DnsConfig.
[0824/160527:WARNING:dns_config_service_win.cc(665)] Failed to read DnsConfig.
[0824/160532:WARNING:dns_config_service_win.cc(665)] Failed to read DnsConfig.
[0824/160537:WARNING:dns_config_service_win.cc(665)] Failed to read DnsConfig.
[0824/160542:WARNING:dns_config_service_win.cc(665)] Failed to read DnsConfig.
[0824/160547:WARNING:dns_config_service_win.cc(665)] Failed to read DnsConfig.
[0824/160552:WARNING:dns_config_service_win.cc(665)] Failed to read DnsConfig.
[0824/160557:WARNING:dns_config_service_win.cc(665)] Failed to read DnsConfig.
[0824/160602:WARNING:dns_config_service_win.cc(665)] Failed to read DnsConfig.
[0824/160607:WARNING:dns_config_service_win.cc(665)] Failed to read DnsConfig.
[0824/160612:WARNING:dns_config_service_win.cc(665)] Failed to read DnsConfig.
[0824/160617:WARNING:dns_config_service_win.cc(665)] Failed to read DnsConfig.
[0824/160622:WARNING:dns_config_service_win.cc(665)] Failed to read DnsConfig.
[0824/160622:ERROR:ipc_channel_win.cc(217)] pipe error: 109
[0824/160734:WARNING:dns_config_service_win.cc(665)] Failed to read DnsConfig.
[0824/160737:ERROR:ipc_channel_win.cc(217)] pipe error: 109
[0824/164006:WARNING:dns_config_service_win.cc(665)] Failed to read DnsConfig.
[0824/164011:WARNING:dns_config_service_win.cc(665)] Failed to read DnsConfig.
[0824/164016:WARNING:dns_config_service_win.cc(665)] Failed to read DnsConfig.
[0824/164021:WARNING:dns_config_service_win.cc(665)] Failed to read DnsConfig.
[0824/164026:WARNING:dns_config_service_win.cc(665)] Failed to read DnsConfig.
[0824/164031:WARNING:dns_config_service_win.cc(665)] Failed to read DnsConfig.
[0824/164036:WARNING:dns_config_service_win.cc(665)] Failed to read DnsConfig.
[0824/164041:WARNING:dns_config_service_win.cc(665)] Failed to read DnsConfig.
[0824/164046:WARNING:dns_config_service_win.cc(665)] Failed to read DnsConfig.
[0824/164051:WARNING:dns_config_service_win.cc(665)] Failed to read DnsConfig.
[0824/164056:WARNING:dns_config_service_win.cc(665)] Failed to read DnsConfig.
[0824/164101:WARNING:dns_config_service_win.cc(665)] Failed to read DnsConfig.
[0824/164106:WARNING:dns_config_service_win.cc(665)] Failed to read DnsConfig.
[0824/164111:WARNING:dns_config_service_win.cc(665)] Failed to read DnsConfig.
[0825/095614:INFO:CONSOLE(0)] "Mixed Content: The page at 'https://www.google.com/' was loaded over HTTPS, but requested an insecure script 'http://web.archive.org/web/*/https://www.gstatic.com/og/_/js/k=og.og.en_US._IF30UbLncA.O/rt=j/m=is,id,nb,nw,sb,awd,st,ip,dp/exm=bt,base,bn,bu,cp,el,lo,sf,up,dd,gi,vi,pi,eq,d,ld,gl,sd,p,vd,lod,eld,cpd/d=1/ed=1'. This request has been blocked; the content must be served over HTTPS.", source: https://www.google.com/ (0)
[0825/095614:INFO:CONSOLE(0)] "Mixed Content: The page at 'https://www.google.com/' was loaded over HTTPS, but requested an insecure script 'http://web.archive.org/web/*/https://www.gstatic.com/og/_/js/k=og.og.en_US._IF30UbLncA.O/rt=j/m=is,id,nb,nw,sb,awd,st,ip,dp/exm=bt,base,bn,bu,cp,el,lo,sf,up,dd,gi,vi,pi,eq,d,ld,gl,sd,p,vd,lod,eld,cpd/d=1/ed=1'. This request has been blocked; the content must be served over HTTPS.", source: https://www.google.com/ (0)
[0825/095629:INFO:CONSOLE(0)] "Mixed Content: The page at 'https://www.google.com/search?source=hp&q=google+&oq=google+&gs_l=psy-ab.3..0i19k1l4.8184.13037.0.13736.7.7.0.0.0.0.497.1720.2-4j1j1.6.0....0...1.1.64.psy-ab..1.6.1717.UEsIgWRZOo4' was loaded over HTTPS, but requested an insecure script 'http://web.archive.org/web/*/https://www.gstatic.com/og/_/js/k=og.og.en_US._IF30UbLncA.O/rt=j/m=is,id,nb,nw,sb,awd,st,ip,dp/exm=bt,base,bn,bu,cp,el,lo,sf,up,dd,gi,vi,pi,eq,d,ld,gl,sd,p,vd,lod,eld,cpd/d=1/ed=1'. This request has been blocked; the content must be served over HTTPS.", source: https://www.google.com/search?source=hp&q=google+&oq=google+&gs_l=psy-ab.3..0i19k1l4.8184.13037.0.13736.7.7.0.0.0.0.497.1720.2-4j1j1.6.0....0...1.1.64.psy-ab..1.6.1717.UEsIgWRZOo4 (0)
[0825/095630:INFO:CONSOLE(0)] "Mixed Content: The page at 'https://www.google.com/search?source=hp&q=google+&oq=google+&gs_l=psy-ab.3..0i19k1l4.8184.13037.0.13736.7.7.0.0.0.0.497.1720.2-4j1j1.6.0....0...1.1.64.psy-ab..1.6.1717.UEsIgWRZOo4' was loaded over HTTPS, but requested an insecure script 'http://web.archive.org/web/*/https://www.gstatic.com/og/_/js/k=og.og.en_US._IF30UbLncA.O/rt=j/m=is,id,nb,nw,sb,awd,st,ip,dp/exm=bt,base,bn,bu,cp,el,lo,sf,up,dd,gi,vi,pi,eq,d,ld,gl,sd,p,vd,lod,eld,cpd/d=1/ed=1'. This request has been blocked; the content must be served over HTTPS.", source: https://www.google.com/search?source=hp&q=google+&oq=google+&gs_l=psy-ab.3..0i19k1l4.8184.13037.0.13736.7.7.0.0.0.0.497.1720.2-4j1j1.6.0....0...1.1.64.psy-ab..1.6.1717.UEsIgWRZOo4 (0)
[0825/105530:INFO:CONSOLE(0)] "Mixed Content: The page at 'https://www.google.com/' was loaded over HTTPS, but requested an insecure script 'http://web.archive.org/web/*/https://www.gstatic.com/og/_/js/k=og.og.en_US._IF30UbLncA.O/rt=j/m=is,id,nb,nw,sb,awd,st,ip,dp/exm=bt,base,bn,bu,cp,el,lo,sf,up,dd,gi,vi,pi,eq,d,ld,gl,sd,p,vd,lod,eld,cpd/d=1/ed=1'. This request has been blocked; the content must be served over HTTPS.", source: https://www.google.com/ (0)
[0825/105530:INFO:CONSOLE(0)] "Mixed Content: The page at 'https://www.google.com/' was loaded over HTTPS, but requested an insecure script 'http://web.archive.org/web/*/https://www.gstatic.com/og/_/js/k=og.og.en_US._IF30UbLncA.O/rt=j/m=is,id,nb,nw,sb,awd,st,ip,dp/exm=bt,base,bn,bu,cp,el,lo,sf,up,dd,gi,vi,pi,eq,d,ld,gl,sd,p,vd,lod,eld,cpd/d=1/ed=1'. This request has been blocked; the content must be served over HTTPS.", source: https://www.google.com/ (0)
[0825/110751:ERROR:ipc_channel_win.cc(217)] pipe error: 109
[0825/111006:INFO:CONSOLE(0)] "Mixed Content: The page at 'https://www.google.com/' was loaded over HTTPS, but requested an insecure script 'http://web.archive.org/web/*/https://www.gstatic.com/og/_/js/k=og.og.en_US._IF30UbLncA.O/rt=j/m=is,id,nb,nw,sb,awd,st,ip,dp/exm=bt,base,bn,bu,cp,el,lo,sf,up,dd,gi,vi,pi,eq,d,ld,gl,sd,p,vd,lod,eld,cpd/d=1/ed=1'. This request has been blocked; the content must be served over HTTPS.", source: https://www.google.com/ (0)
[0825/111006:INFO:CONSOLE(0)] "Mixed Content: The page at 'https://www.google.com/' was loaded over HTTPS, but requested an insecure script 'http://web.archive.org/web/*/https://www.gstatic.com/og/_/js/k=og.og.en_US._IF30UbLncA.O/rt=j/m=is,id,nb,nw,sb,awd,st,ip,dp/exm=bt,base,bn,bu,cp,el,lo,sf,up,dd,gi,vi,pi,eq,d,ld,gl,sd,p,vd,lod,eld,cpd/d=1/ed=1'. This request has been blocked; the content must be served over HTTPS.", source: https://www.google.com/ (0)
[0825/115701:INFO:CONSOLE(0)] "'results' attribute is deprecated and will be removed in M53, around September 2016. See https://www.chromestatus.com/features/5738199536107520 for more details.", source:  (0)
[0825/165937:WARNING:dns_config_service_win.cc(665)] Failed to read DnsConfig.
[0825/165942:WARNING:dns_config_service_win.cc(665)] Failed to read DnsConfig.
[0825/165947:WARNING:dns_config_service_win.cc(665)] Failed to read DnsConfig.
[0825/170057:ERROR:ipc_channel_win.cc(217)] pipe error: 109
[0825/170554:ERROR:ipc_channel_win.cc(217)] pipe error: 109
[0825/180446:ERROR:ipc_channel_win.cc(217)] pipe error: 109
[0825/181301:INFO:CONSOLE(0)] "'results' attribute is deprecated and will be removed in M53, around September 2016. See https://www.chromestatus.com/features/5738199536107520 for more details.", source:  (0)
[0825/185039:INFO:CONSOLE(7)] "Uncaught TypeError: $(...).on is not a function", source: https://static.hugedomains.com/js/reallydopost.js (7)
[0825/185039:INFO:CONSOLE(68)] "Uncaught TypeError: todayProfile.toLocaleFormat is not a function", source: https://static.hugedomains.com/js/common.js (68)
[0910/105440:WARNING:extension_protocols.cc(438)] Failed to GetPathForExtension: pkedcjkdefgpdelpbcmbmeomcjbeemfm
[0910/105440:WARNING:url_request_job_manager.cc(89)] Failed to map: chrome-extension://pkedcjkdefgpdelpbcmbmeomcjbeemfm/cast_sender.js
[0910/105442:WARNING:extension_protocols.cc(438)] Failed to GetPathForExtension: fjhoaacokmgbjemoflkofnenfaiekifl
[0910/105442:WARNING:url_request_job_manager.cc(89)] Failed to map: chrome-extension://fjhoaacokmgbjemoflkofnenfaiekifl/cast_sender.js
[0910/105442:INFO:CONSOLE(0)] "Mixed Content: The page at 'https://www.youtube.com/' was loaded over HTTPS, but requested an insecure script 'sharpbrowser://storage/errors/cannotConnect.html'. This request has been blocked; the content must be served over HTTPS.", source: https://www.youtube.com/ (0)
[0910/105443:INFO:CONSOLE(0)] "Mixed Content: The page at 'https://www.youtube.com/' was loaded over HTTPS, but requested an insecure script 'sharpbrowser://storage/errors/cannotConnect.html'. This request has been blocked; the content must be served over HTTPS.", source: https://www.youtube.com/ (0)
[0910/105443:WARNING:extension_protocols.cc(438)] Failed to GetPathForExtension: boadgeojelhgndaghljhdicfkmllpafd
[0910/105443:WARNING:url_request_job_manager.cc(89)] Failed to map: chrome-extension://boadgeojelhgndaghljhdicfkmllpafd/cast_sender.js
[0910/105443:INFO:CONSOLE(0)] "Mixed Content: The page at 'https://www.youtube.com/' was loaded over HTTPS, but requested an insecure XMLHttpRequest endpoint 'sharpbrowser://storage/errors/cannotConnect.html'. This request has been blocked; the content must be served over HTTPS.", source: https://www.youtube.com/ (0)
[0910/105443:WARNING:extension_protocols.cc(438)] Failed to GetPathForExtension: dliochdbjfkdbacpmhlcpmleaejidimm
[0910/105443:WARNING:url_request_job_manager.cc(89)] Failed to map: chrome-extension://dliochdbjfkdbacpmhlcpmleaejidimm/cast_sender.js
[0910/105443:INFO:CONSOLE(0)] "Mixed Content: The page at 'https://www.youtube.com/' was loaded over HTTPS, but requested an insecure XMLHttpRequest endpoint 'sharpbrowser://storage/errors/cannotConnect.html'. This request has been blocked; the content must be served over HTTPS.", source: https://www.youtube.com/ (0)
[0910/105443:WARNING:extension_protocols.cc(438)] Failed to GetPathForExtension: enhhojjnijigcajfphajepfemndkmdlo
[0910/105443:WARNING:url_request_job_manager.cc(89)] Failed to map: chrome-extension://enhhojjnijigcajfphajepfemndkmdlo/cast_sender.js
[0910/105443:INFO:CONSOLE(0)] "Mixed Content: The page at 'https://www.youtube.com/' was loaded over HTTPS, but requested an insecure XMLHttpRequest endpoint 'sharpbrowser://storage/errors/cannotConnect.html'. This request has been blocked; the content must be served over HTTPS.", source: https://www.youtube.com/ (0)
[0910/105443:WARNING:extension_protocols.cc(438)] Failed to GetPathForExtension: fmfcbgogabcbclcofgocippekhfcmgfj
[0910/105443:WARNING:url_request_job_manager.cc(89)] Failed to map: chrome-extension://fmfcbgogabcbclcofgocippekhfcmgfj/cast_sender.js
[0910/105443:INFO:CONSOLE(0)] "Mixed Content: The page at 'https://www.youtube.com/' was loaded over HTTPS, but requested an insecure XMLHttpRequest endpoint 'sharpbrowser://storage/errors/cannotConnect.html'. This request has been blocked; the content must be served over HTTPS.", source: https://www.youtube.com/ (0)
[0910/105457:ERROR:gpu_video_decode_accelerator.cc(362)] HW video decode not available for profile 12
[0910/105603:WARNING:spdy_session.cc(2427)] Received HEADERS for invalid stream 205
[0910/110039:ERROR:gpu_video_decode_accelerator.cc(362)] HW video decode not available for profile 12
[0910/110107:WARNING:extension_protocols.cc(438)] Failed to GetPathForExtension: pkedcjkdefgpdelpbcmbmeomcjbeemfm
[0910/110107:WARNING:url_request_job_manager.cc(89)] Failed to map: chrome-extension://pkedcjkdefgpdelpbcmbmeomcjbeemfm/cast_sender.js
[0910/110107:INFO:CONSOLE(0)] "Mixed Content: The page at 'https://www.youtube.com/watch?v=IcrbM1l_BoI' was loaded over HTTPS, but requested an insecure script 'sharpbrowser://storage/errors/cannotConnect.html'. This request has been blocked; the content must be served over HTTPS.", source: https://www.youtube.com/watch?v=IcrbM1l_BoI (0)
[0910/110107:WARNING:extension_protocols.cc(438)] Failed to GetPathForExtension: fjhoaacokmgbjemoflkofnenfaiekifl
[0910/110107:WARNING:url_request_job_manager.cc(89)] Failed to map: chrome-extension://fjhoaacokmgbjemoflkofnenfaiekifl/cast_sender.js
[0910/110107:INFO:CONSOLE(0)] "Mixed Content: The page at 'https://www.youtube.com/watch?v=IcrbM1l_BoI' was loaded over HTTPS, but requested an insecure script 'sharpbrowser://storage/errors/cannotConnect.html'. This request has been blocked; the content must be served over HTTPS.", source: https://www.youtube.com/watch?v=IcrbM1l_BoI (0)
[0910/110107:WARNING:extension_protocols.cc(438)] Failed to GetPathForExtension: boadgeojelhgndaghljhdicfkmllpafd
[0910/110107:WARNING:url_request_job_manager.cc(89)] Failed to map: chrome-extension://boadgeojelhgndaghljhdicfkmllpafd/cast_sender.js
[0910/110107:INFO:CONSOLE(0)] "Mixed Content: The page at 'https://www.youtube.com/watch?v=IcrbM1l_BoI' was loaded over HTTPS, but requested an insecure XMLHttpRequest endpoint 'sharpbrowser://storage/errors/cannotConnect.html'. This request has been blocked; the content must be served over HTTPS.", source: https://www.youtube.com/watch?v=IcrbM1l_BoI (0)
[0910/110107:WARNING:extension_protocols.cc(438)] Failed to GetPathForExtension: dliochdbjfkdbacpmhlcpmleaejidimm
[0910/110107:WARNING:url_request_job_manager.cc(89)] Failed to map: chrome-extension://dliochdbjfkdbacpmhlcpmleaejidimm/cast_sender.js
[0910/110107:INFO:CONSOLE(0)] "Mixed Content: The page at 'https://www.youtube.com/watch?v=IcrbM1l_BoI' was loaded over HTTPS, but requested an insecure XMLHttpRequest endpoint 'sharpbrowser://storage/errors/cannotConnect.html'. This request has been blocked; the content must be served over HTTPS.", source: https://www.youtube.com/watch?v=IcrbM1l_BoI (0)
[0910/110107:WARNING:extension_protocols.cc(438)] Failed to GetPathForExtension: enhhojjnijigcajfphajepfemndkmdlo
[0910/110107:WARNING:url_request_job_manager.cc(89)] Failed to map: chrome-extension://enhhojjnijigcajfphajepfemndkmdlo/cast_sender.js
[0910/110107:INFO:CONSOLE(0)] "Mixed Content: The page at 'https://www.youtube.com/watch?v=IcrbM1l_BoI' was loaded over HTTPS, but requested an insecure XMLHttpRequest endpoint 'sharpbrowser://storage/errors/cannotConnect.html'. This request has been blocked; the content must be served over HTTPS.", source: https://www.youtube.com/watch?v=IcrbM1l_BoI (0)
[0910/110107:WARNING:extension_protocols.cc(438)] Failed to GetPathForExtension: fmfcbgogabcbclcofgocippekhfcmgfj
[0910/110107:WARNING:url_request_job_manager.cc(89)] Failed to map: chrome-extension://fmfcbgogabcbclcofgocippekhfcmgfj/cast_sender.js
[0910/110107:INFO:CONSOLE(0)] "Mixed Content: The page at 'https://www.youtube.com/watch?v=IcrbM1l_BoI' was loaded over HTTPS, but requested an insecure XMLHttpRequest endpoint 'sharpbrowser://storage/errors/cannotConnect.html'. This request has been blocked; the content must be served over HTTPS.", source: https://www.youtube.com/watch?v=IcrbM1l_BoI (0)
[0910/110107:ERROR:gpu_video_decode_accelerator.cc(362)] HW video decode not available for profile 12
[0910/110109:ERROR:ipc_channel_win.cc(519)] pipe error: 232
[0910/110207:ERROR:ipc_channel_win.cc(482)] pipe error: 109
[0910/110207:ERROR:ipc_channel_win.cc(519)] pipe error: 232
[0910/110207:ERROR:audio_output_device.cc(369)] IO loop going away before the audio device has been stopped
